Base path: /home/tw/2018.4.12f1/Editor/Data
Cmd: initializeCompiler
Cmd: compileComputeKernel
  api=18 insize=2059 outsize=7133 ok=1
Cmd: compileComputeKernel
  api=18 insize=1176 outsize=3345 ok=1
Cmd: compileComputeKernel
  api=15 insize=3070 outsize=82913 ok=1
Cmd: compileComputeKernel
  api=18 insize=10881 outsize=40753 ok=1
Cmd: compileComputeKernel
  api=18 insize=10881 outsize=48685 ok=1
Cmd: compileComputeKernel
  api=15 insize=4855 outsize=11305 ok=1
Cmd: compileComputeKernel
  api=18 insize=4855 outsize=38041 ok=1
Cmd: compileComputeKernel
  api=15 insize=3396 outsize=5169 ok=1
Cmd: compileComputeKernel
  api=18 insize=3396 outsize=12005 ok=1
Cmd: compileComputeKernel
  api=15 insize=18299 outsize=16357 ok=1
Cmd: compileComputeKernel
  api=15 insize=18299 outsize=16041 ok=1
Cmd: compileComputeKernel
  api=15 insize=18299 outsize=25341 ok=1
Cmd: compileComputeKernel
  api=18 insize=18299 outsize=34261 ok=1
Cmd: compileComputeKernel
  api=18 insize=18299 outsize=56205 ok=1
Cmd: compileComputeKernel
  api=18 insize=5435 outsize=25001 ok=1
Cmd: compileComputeKernel
  api=18 insize=3072 outsize=5665 ok=1
Cmd: compileComputeKernel
  api=18 insize=3072 outsize=1237 ok=1
Cmd: compileComputeKernel
  api=18 insize=1806 outsize=2481 ok=1
Unhandled exception: Protocol error - unexpected end of data (did the Editor crash?)
